<?xml version="1.0" encoding="UTF-8"?>
<!-- Generated by org.testng.reporters.JUnitReportReporter -->
<testsuite name="com.pac.fortest.Selenium_Automation" tests="1" time="10.501" ignored="0" failures="0" timestamp="28 Feb 2018 12:44:17 GMT" skipped="0" hostname="W4DEUMSY9000586" errors="0">
  <testcase name="main" time="10.501" classname="com.pac.fortest.Selenium_Automation"/>
</testsuite> <!-- com.pac.fortest.Selenium_Automation -->
