<?xml version="1.0" encoding="UTF-8"?>
<!-- Generated by org.testng.reporters.JUnitReportReporter -->
<testsuite skipped="0" hostname="W4DEUMSY9000586" name="com.pac.fortest.Selenium_Automation" tests="1" failures="0" timestamp="25 Feb 2018 15:00:13 GMT" time="10.802" errors="0">
  <testcase name="main" time="10.802" classname="com.pac.fortest.Selenium_Automation"/>
</testsuite> <!-- com.pac.fortest.Selenium_Automation -->
